<?xml version="1.0" encoding="UTF-8"?>
<!-- Generated by org.testng.reporters.JUnitReportReporter -->
<testsuite hostname="SF-LAP-430" failures="0" tests="2" name="org.selenium.qa.testcases.LoginPageTest" time="21.910" errors="0" timestamp="2024-05-17T16:54:19 IST" skipped="0">
  <testcase classname="org.selenium.qa.testcases.LoginPageTest" name="loginPageTitleTest" time="7.887"/>
  <testcase classname="org.selenium.qa.testcases.LoginPageTest" name="loginTest" time="14.023"/>
</testsuite> <!-- org.selenium.qa.testcases.LoginPageTest -->
