<?xml version="1.0" encoding="UTF-8"?>
<!-- Generated by org.testng.reporters.JUnitReportReporter -->
<testsuite hostname="SF-LAP-430" failures="0" tests="4" name="org.selenium.qa.testcases.HomePageTest" time="68.360" errors="0" timestamp="2024-05-16T15:56:17 IST" skipped="0">
  <testcase classname="org.selenium.qa.testcases.HomePageTest" name="verifyHomePageTitle" time="10.126"/>
  <testcase classname="org.selenium.qa.testcases.HomePageTest" name="verifyUserName" time="11.528"/>
  <testcase classname="org.selenium.qa.testcases.HomePageTest" name="verifyAdminTab" time="34.439"/>
  <testcase classname="org.selenium.qa.testcases.HomePageTest" name="verifyPIM" time="12.267"/>
</testsuite> <!-- org.selenium.qa.testcases.HomePageTest -->
