<?xml version="1.0" encoding="UTF-8"?>
<!-- Generated by org.testng.reporters.JUnitReportReporter -->
<testsuite hostname="SF-LAP-430" failures="0" tests="4" name="org.selenium.qa.testcases.HomePageTest" time="71.725" errors="0" timestamp="2024-05-17T16:54:19 IST" skipped="0">
  <testcase classname="org.selenium.qa.testcases.HomePageTest" name="verifyHomePageTitle" time="13.321"/>
  <testcase classname="org.selenium.qa.testcases.HomePageTest" name="verifyUserName" time="11.961"/>
  <testcase classname="org.selenium.qa.testcases.HomePageTest" name="verifyAdminTab" time="34.226"/>
  <testcase classname="org.selenium.qa.testcases.HomePageTest" name="verifyPIM" time="12.217"/>
</testsuite> <!-- org.selenium.qa.testcases.HomePageTest -->
