<?xml version="1.0" encoding="UTF-8"?>
<!-- Generated by org.testng.reporters.JUnitReportReporter -->
<testsuite hostname="SF-LAP-430" failures="0" tests="2" name="org.selenium.qa.testcases.LoginPageTest" time="18.818" errors="0" timestamp="2024-05-17T10:54:15 IST" skipped="0">
  <testcase classname="org.selenium.qa.testcases.LoginPageTest" name="loginPageTitleTest" time="5.014"/>
  <testcase classname="org.selenium.qa.testcases.LoginPageTest" name="loginTest" time="13.804"/>
</testsuite> <!-- org.selenium.qa.testcases.LoginPageTest -->
