<?xml version="1.0" encoding="UTF-8"?>
<!-- Generated by org.testng.reporters.JUnitReportReporter -->
<testsuite hostname="SF-LAP-430" failures="0" tests="4" name="org.selenium.qa.testcases.HomePageTest" time="64.626" errors="0" timestamp="2024-05-17T10:54:15 IST" skipped="0">
  <testcase classname="org.selenium.qa.testcases.HomePageTest" name="verifyHomePageTitle" time="9.151"/>
  <testcase classname="org.selenium.qa.testcases.HomePageTest" name="verifyUserName" time="9.231"/>
  <testcase classname="org.selenium.qa.testcases.HomePageTest" name="verifyAdminTab" time="34.767"/>
  <testcase classname="org.selenium.qa.testcases.HomePageTest" name="verifyPIM" time="11.477"/>
</testsuite> <!-- org.selenium.qa.testcases.HomePageTest -->
