<?xml version="1.0" encoding="UTF-8"?>
<!-- Generated by org.testng.reporters.JUnitReportReporter -->
<testsuite hostname="SF-LAP-430" failures="0" tests="2" name="org.selenium.qa.testcases.LoginPageTest" time="19.006" errors="0" timestamp="2024-05-16T15:56:17 IST" skipped="0">
  <testcase classname="org.selenium.qa.testcases.LoginPageTest" name="loginPageTitleTest" time="8.071"/>
  <testcase classname="org.selenium.qa.testcases.LoginPageTest" name="loginTest" time="10.935"/>
</testsuite> <!-- org.selenium.qa.testcases.LoginPageTest -->
